#
# There is insufficient memory for the Java Runtime Environment to continue.
# Native memory allocation (malloc) failed to allocate 1801296 bytes for Chunk::new
# Possible reasons:
#   The system is out of physical RAM or swap space
#   The process is running with CompressedOops enabled, and the Java Heap may be blocking the growth of the native heap
# Possible solutions:
#   Reduce memory load on the system
#   Increase physical memory or swap space
#   Check if swap backing store is full
#   Decrease Java heap size (-Xmx/-Xms)
#   Decrease number of Java threads
#   Decrease Java thread stack sizes (-Xss)
#   Set larger code cache with -XX:ReservedCodeCacheSize=
#   JVM is running with Unscaled Compressed Oops mode in which the Java heap is
#     placed in the first 4GB address space. The Java Heap base address is the
#     maximum limit for the native heap growth. Please use -XX:HeapBaseMinAddress
#     to set the Java Heap base and to place the Java Heap above 4GB virtual address.
# This output file may be truncated or incomplete.
#
#  Out of Memory Error (arena.cpp:191), pid=18104, tid=17936
#
# JRE version: OpenJDK Runtime Environment (17.0.10) (build 17.0.10+0--11572160)
# Java VM: OpenJDK 64-Bit Server VM (17.0.10+0--11572160, mixed mode, tiered, compressed oops, compressed class ptrs, g1 gc, windows-amd64)
# No core dump will be written. Minidumps are not enabled by default on client versions of Windows
#

---------------  S U M M A R Y ------------

Command Line: org.jetbrains.kotlin.cli.jvm.K2JVMCompiler @D:\AndroidStudioProjects\VitaGuard\app\build\20240630_13206893191658025950.compiler.options

Host: Intel(R) Core(TM) i5-10300H CPU @ 2.50GHz, 8 cores, 7G,  Windows 10 , 64 bit Build 19041 (10.0.19041.3636)
Time: Sun Jun 30 20:14:06 2024 Eastern Daylight Time elapsed time: 4.937086 seconds (0d 0h 0m 4s)

---------------  T H R E A D  ---------------

Current thread (0x000001654d2a6e60):  JavaThread "C2 CompilerThread2" daemon [_thread_in_native, id=17936, stack(0x0000002853d00000,0x0000002853e00000)]


Current CompileTask:
C2:   4937 3792       4       jdk.internal.loader.ClassLoaders$AppClassLoader::loadClass (40 bytes)

Stack: [0x0000002853d00000,0x0000002853e00000]
Native frames: (J=compiled Java code, j=interpreted, Vv=VM code, C=native code)
V  [jvm.dll+0x688e89]
V  [jvm.dll+0x84247a]
V  [jvm.dll+0x8440be]
V  [jvm.dll+0x844723]
V  [jvm.dll+0x24be0f]
V  [jvm.dll+0xac524]
V  [jvm.dll+0xacb6c]
V  [jvm.dll+0x36bd12]
V  [jvm.dll+0x33615a]
V  [jvm.dll+0x3355fa]
V  [jvm.dll+0x21daa1]
V  [jvm.dll+0x21cec1]
V  [jvm.dll+0x1a60ad]
V  [jvm.dll+0x22cd78]
V  [jvm.dll+0x22aeb0]
V  [jvm.dll+0x7f6917]
V  [jvm.dll+0x7f0d1a]
V  [jvm.dll+0x687d05]
C  [ucrtbase.dll+0x21bb2]
C  [KERNEL32.DLL+0x17344]
C  [ntdll.dll+0x4cc91]


---------------  P R O C E S S  ---------------

Threads class SMR info:
_java_thread_list=0x000001654e7e2b30, length=14, elements={
0x000001652d7ff900, 0x0000016547663260, 0x00000165476640e0, 0x0000016547518970,
0x000001654768ff90, 0x0000016547692a60, 0x0000016547693420, 0x0000016547697610,
0x00000165476a9c40, 0x00000165476acd40, 0x000001654780cad0, 0x000001654781d420,
0x000001654d2a53d0, 0x000001654d2a6e60
}

Java Threads: ( => current thread )
  0x000001652d7ff900 JavaThread "main" [_thread_in_vm, id=2128, stack(0x0000002852500000,0x0000002852600000)]
  0x0000016547663260 JavaThread "Reference Handler" daemon [_thread_blocked, id=18740, stack(0x0000002852c00000,0x0000002852d00000)]
  0x00000165476640e0 JavaThread "Finalizer" daemon [_thread_blocked, id=7492, stack(0x0000002852d00000,0x0000002852e00000)]
  0x0000016547518970 JavaThread "Signal Dispatcher" daemon [_thread_blocked, id=1520, stack(0x0000002852e00000,0x0000002852f00000)]
  0x000001654768ff90 JavaThread "Attach Listener" daemon [_thread_blocked, id=18844, stack(0x0000002852f00000,0x0000002853000000)]
  0x0000016547692a60 JavaThread "Service Thread" daemon [_thread_blocked, id=18508, stack(0x0000002853000000,0x0000002853100000)]
  0x0000016547693420 JavaThread "Monitor Deflation Thread" daemon [_thread_blocked, id=20324, stack(0x0000002853100000,0x0000002853200000)]
  0x0000016547697610 JavaThread "C2 CompilerThread0" daemon [_thread_in_native, id=15164, stack(0x0000002853200000,0x0000002853300000)]
  0x00000165476a9c40 JavaThread "C1 CompilerThread0" daemon [_thread_blocked, id=10304, stack(0x0000002853300000,0x0000002853400000)]
  0x00000165476acd40 JavaThread "Sweeper thread" daemon [_thread_blocked, id=19872, stack(0x0000002853400000,0x0000002853500000)]
  0x000001654780cad0 JavaThread "Notification Thread" daemon [_thread_blocked, id=11480, stack(0x0000002853500000,0x0000002853600000)]
  0x000001654781d420 JavaThread "Common-Cleaner" daemon [_thread_blocked, id=6356, stack(0x0000002853700000,0x0000002853800000)]
  0x000001654d2a53d0 JavaThread "C2 CompilerThread1" daemon [_thread_in_native, id=3076, stack(0x0000002853c00000,0x0000002853d00000)]
=>0x000001654d2a6e60 JavaThread "C2 CompilerThread2" daemon [_thread_in_native, id=17936, stack(0x0000002853d00000,0x0000002853e00000)]

Other Threads:
  0x0000016547501a30 VMThread "VM Thread" [stack: 0x0000002852b00000,0x0000002852c00000] [id=700]
  0x000001654748d700 WatcherThread [stack: 0x0000002853600000,0x0000002853700000] [id=1044]
  0x000001652d8585f0 GCTaskThread "GC Thread#0" [stack: 0x0000002852600000,0x0000002852700000] [id=11892]
  0x000001654c210910 GCTaskThread "GC Thread#1" [stack: 0x0000002853800000,0x0000002853900000] [id=2952]
  0x000001654c211190 GCTaskThread "GC Thread#2" [stack: 0x0000002853900000,0x0000002853a00000] [id=13596]
  0x000001654c3ad150 GCTaskThread "GC Thread#3" [stack: 0x0000002853a00000,0x0000002853b00000] [id=11496]
  0x000001654c3ad410 GCTaskThread "GC Thread#4" [stack: 0x0000002853b00000,0x0000002853c00000] [id=19512]
  0x000001654ca639e0 GCTaskThread "GC Thread#5" [stack: 0x0000002853e00000,0x0000002853f00000] [id=7408]
  0x000001654c83f3f0 GCTaskThread "GC Thread#6" [stack: 0x0000002853f00000,0x0000002854000000] [id=10644]
  0x000001654c9fe480 GCTaskThread "GC Thread#7" [stack: 0x0000002854000000,0x0000002854100000] [id=2968]
  0x000001652d86a7b0 ConcurrentGCThread "G1 Main Marker" [stack: 0x0000002852700000,0x0000002852800000] [id=2116]
  0x000001652d86b1d0 ConcurrentGCThread "G1 Conc#0" [stack: 0x0000002852800000,0x0000002852900000] [id=5736]
  0x000001654cb8b760 ConcurrentGCThread "G1 Conc#1" [stack: 0x0000002854100000,0x0000002854200000] [id=13892]
  0x000001652d8be370 ConcurrentGCThread "G1 Refine#0" [stack: 0x0000002852900000,0x0000002852a00000] [id=16552]
  0x00000165473540d0 ConcurrentGCThread "G1 Service" [stack: 0x0000002852a00000,0x0000002852b00000] [id=13180]

Threads with active compile tasks:
C2 CompilerThread0     4960 3791       4       java.lang.ClassLoader::loadClass (7 bytes)
C2 CompilerThread1     4960 3798   !   4       java.util.zip.ZipFile::getInputStream (275 bytes)
C2 CompilerThread2     4960 3792       4       jdk.internal.loader.ClassLoaders$AppClassLoader::loadClass (40 bytes)

VM state: not at safepoint (normal execution)

VM Mutex/Monitor currently owned by a thread: None

Heap address: 0x0000000082a00000, size: 2006 MB, Compressed Oops mode: 32-bit

CDS archive(s) not mapped
Compressed class space mapped at: 0x0000000100000000-0x0000000140000000, reserved size: 1073741824
Narrow klass base: 0x0000000000000000, Narrow klass shift: 3, Narrow klass range: 0x140000000

GC Precious Log:
 CPUs: 8 total, 8 available
 Memory: 8023M
 Large Page Support: Disabled
 NUMA Support: Disabled
 Compressed Oops: Enabled (32-bit)
 Heap Region Size: 1M
 Heap Min Capacity: 8M
 Heap Initial Capacity: 126M
 Heap Max Capacity: 2006M
 Pre-touch: Disabled
 Parallel Workers: 8
 Concurrent Workers: 2
 Concurrent Refinement Workers: 8
 Periodic GC: Disabled

Heap:
 garbage-first heap   total 68608K, used 49982K [0x0000000082a00000, 0x0000000100000000)
  region size 1024K, 24 young (24576K), 2 survivors (2048K)
 Metaspace       used 51056K, committed 51328K, reserved 1114112K
  class space    used 6165K, committed 6272K, reserved 1048576K

Heap Regions: E=young(eden), S=young(survivor), O=old, HS=humongous(starts), HC=humongous(continues), CS=collection set, F=free, OA=open archive, CA=closed archive, TAMS=top-at-mark-start (previous, next)
|   0|0x0000000082a00000, 0x0000000082b00000, 0x0000000082b00000|100%|HS|  |TAMS 0x0000000082b00000, 0x0000000082a00000| Complete 
|   1|0x0000000082b00000, 0x0000000082c00000, 0x0000000082c00000|100%|HC|  |TAMS 0x0000000082c00000, 0x0000000082b00000| Complete 
|   2|0x0000000082c00000, 0x0000000082d00000, 0x0000000082d00000|100%|HC|  |TAMS 0x0000000082d00000, 0x0000000082c00000| Complete 
|   3|0x0000000082d00000, 0x0000000082e00000, 0x0000000082e00000|100%|HC|  |TAMS 0x0000000082e00000, 0x0000000082d00000| Complete 
|   4|0x0000000082e00000, 0x0000000082f00000, 0x0000000082f00000|100%| O|  |TAMS 0x0000000082f00000, 0x0000000082e00000| Untracked 
|   5|0x0000000082f00000, 0x0000000083000000, 0x0000000083000000|100%| O|  |TAMS 0x0000000083000000, 0x0000000082f00000| Untracked 
|   6|0x0000000083000000, 0x0000000083100000, 0x0000000083100000|100%| O|  |TAMS 0x0000000083100000, 0x0000000083000000| Untracked 
|   7|0x0000000083100000, 0x0000000083200000, 0x0000000083200000|100%| O|  |TAMS 0x0000000083200000, 0x0000000083100000| Untracked 
|   8|0x0000000083200000, 0x0000000083300000, 0x0000000083300000|100%| O|  |TAMS 0x0000000083300000, 0x0000000083200000| Untracked 
|   9|0x0000000083300000, 0x0000000083400000, 0x0000000083400000|100%| O|  |TAMS 0x0000000083400000, 0x0000000083300000| Untracked 
|  10|0x0000000083400000, 0x0000000083500000, 0x0000000083500000|100%| O|  |TAMS 0x0000000083500000, 0x0000000083400000| Untracked 
|  11|0x0000000083500000, 0x0000000083600000, 0x0000000083600000|100%| O|  |TAMS 0x0000000083600000, 0x0000000083500000| Untracked 
|  12|0x0000000083600000, 0x00000000836b1a00, 0x0000000083700000| 69%| O|  |TAMS 0x0000000083600000, 0x0000000083600000| Untracked 
|  13|0x0000000083700000, 0x0000000083800000, 0x0000000083800000|100%| O|  |TAMS 0x0000000083700000, 0x0000000083700000| Untracked 
|  14|0x0000000083800000, 0x0000000083900000, 0x0000000083900000|100%| O|  |TAMS 0x0000000083900000, 0x0000000083800000| Untracked 
|  15|0x0000000083900000, 0x0000000083a00000, 0x0000000083a00000|100%| O|  |TAMS 0x0000000083a00000, 0x0000000083900000| Untracked 
|  16|0x0000000083a00000, 0x0000000083b00000, 0x0000000083b00000|100%| O|  |TAMS 0x0000000083b00000, 0x0000000083a00000| Untracked 
|  17|0x0000000083b00000, 0x0000000083c00000, 0x0000000083c00000|100%|HS|  |TAMS 0x0000000083b00000, 0x0000000083b00000| Complete 
|  18|0x0000000083c00000, 0x0000000083d00000, 0x0000000083d00000|100%|HC|  |TAMS 0x0000000083c00000, 0x0000000083c00000| Complete 
|  19|0x0000000083d00000, 0x0000000083e00000, 0x0000000083e00000|100%| O|  |TAMS 0x0000000083d00000, 0x0000000083d00000| Untracked 
|  20|0x0000000083e00000, 0x0000000083f00000, 0x0000000083f00000|100%| O|  |TAMS 0x0000000083e23c00, 0x0000000083e00000| Untracked 
|  21|0x0000000083f00000, 0x0000000084000000, 0x0000000084000000|100%| O|  |TAMS 0x0000000083f00000, 0x0000000083f00000| Untracked 
|  22|0x0000000084000000, 0x0000000084100000, 0x0000000084100000|100%| O|  |TAMS 0x0000000084000000, 0x0000000084000000| Untracked 
|  23|0x0000000084100000, 0x0000000084200000, 0x0000000084200000|100%| O|  |TAMS 0x0000000084100000, 0x0000000084100000| Untracked 
|  24|0x0000000084200000, 0x0000000084300000, 0x0000000084300000|100%| O|  |TAMS 0x0000000084200000, 0x0000000084200000| Untracked 
|  25|0x0000000084300000, 0x0000000084400000, 0x0000000084400000|100%| O|  |TAMS 0x0000000084300000, 0x0000000084300000| Untracked 
|  26|0x0000000084400000, 0x0000000084500000, 0x0000000084500000|100%| O|  |TAMS 0x0000000084400000, 0x0000000084400000| Untracked 
|  27|0x0000000084500000, 0x0000000084546600, 0x0000000084600000| 27%| O|  |TAMS 0x0000000084500000, 0x0000000084500000| Untracked 
|  28|0x0000000084600000, 0x0000000084600000, 0x0000000084700000|  0%| F|  |TAMS 0x0000000084600000, 0x0000000084600000| Untracked 
|  29|0x0000000084700000, 0x0000000084700000, 0x0000000084800000|  0%| F|  |TAMS 0x0000000084700000, 0x0000000084700000| Untracked 
|  30|0x0000000084800000, 0x0000000084800000, 0x0000000084900000|  0%| F|  |TAMS 0x0000000084800000, 0x0000000084800000| Untracked 
|  31|0x0000000084900000, 0x0000000084900000, 0x0000000084a00000|  0%| F|  |TAMS 0x0000000084900000, 0x0000000084900000| Untracked 
|  32|0x0000000084a00000, 0x0000000084a00000, 0x0000000084b00000|  0%| F|  |TAMS 0x0000000084a00000, 0x0000000084a00000| Untracked 
|  33|0x0000000084b00000, 0x0000000084b00000, 0x0000000084c00000|  0%| F|  |TAMS 0x0000000084b00000, 0x0000000084b00000| Untracked 
|  34|0x0000000084c00000, 0x0000000084c00000, 0x0000000084d00000|  0%| F|  |TAMS 0x0000000084c00000, 0x0000000084c00000| Untracked 
|  35|0x0000000084d00000, 0x0000000084d00000, 0x0000000084e00000|  0%| F|  |TAMS 0x0000000084d00000, 0x0000000084d00000| Untracked 
|  36|0x0000000084e00000, 0x0000000084e00000, 0x0000000084f00000|  0%| F|  |TAMS 0x0000000084e00000, 0x0000000084e00000| Untracked 
|  37|0x0000000084f00000, 0x0000000084f00000, 0x0000000085000000|  0%| F|  |TAMS 0x0000000084f00000, 0x0000000084f00000| Untracked 
|  38|0x0000000085000000, 0x0000000085000000, 0x0000000085100000|  0%| F|  |TAMS 0x0000000085000000, 0x0000000085000000| Untracked 
|  39|0x0000000085100000, 0x0000000085100000, 0x0000000085200000|  0%| F|  |TAMS 0x0000000085100000, 0x0000000085100000| Untracked 
|  40|0x0000000085200000, 0x0000000085200000, 0x0000000085300000|  0%| F|  |TAMS 0x0000000085200000, 0x0000000085200000| Untracked 
|  41|0x0000000085300000, 0x0000000085300000, 0x0000000085400000|  0%| F|  |TAMS 0x0000000085300000, 0x0000000085300000| Untracked 
|  42|0x0000000085400000, 0x0000000085400000, 0x0000000085500000|  0%| F|  |TAMS 0x0000000085400000, 0x0000000085400000| Untracked 
|  43|0x0000000085500000, 0x00000000855d7910, 0x0000000085600000| 84%| S|CS|TAMS 0x0000000085500000, 0x0000000085500000| Complete 
|  44|0x0000000085600000, 0x0000000085700000, 0x0000000085700000|100%| S|CS|TAMS 0x0000000085600000, 0x0000000085600000| Complete 
|  45|0x0000000085700000, 0x0000000085792110, 0x0000000085800000| 57%| E|  |TAMS 0x0000000085700000, 0x0000000085700000| Complete 
|  46|0x0000000085800000, 0x0000000085900000, 0x0000000085900000|100%| E|CS|TAMS 0x0000000085800000, 0x0000000085800000| Complete 
|  47|0x0000000085900000, 0x0000000085a00000, 0x0000000085a00000|100%| E|CS|TAMS 0x0000000085900000, 0x0000000085900000| Complete 
|  48|0x0000000085a00000, 0x0000000085b00000, 0x0000000085b00000|100%| E|CS|TAMS 0x0000000085a00000, 0x0000000085a00000| Complete 
|  49|0x0000000085b00000, 0x0000000085c00000, 0x0000000085c00000|100%| E|CS|TAMS 0x0000000085b00000, 0x0000000085b00000| Complete 
|  50|0x0000000085c00000, 0x0000000085d00000, 0x0000000085d00000|100%| E|CS|TAMS 0x0000000085c00000, 0x0000000085c00000| Complete 
|  51|0x0000000085d00000, 0x0000000085e00000, 0x0000000085e00000|100%| E|CS|TAMS 0x0000000085d00000, 0x0000000085d00000| Complete 
|  52|0x0000000085e00000, 0x0000000085f00000, 0x0000000085f00000|100%| E|CS|TAMS 0x0000000085e00000, 0x0000000085e00000| Complete 
|  53|0x0000000085f00000, 0x0000000086000000, 0x0000000086000000|100%| E|CS|TAMS 0x0000000085f00000, 0x0000000085f00000| Complete 
|  54|0x0000000086000000, 0x0000000086100000, 0x0000000086100000|100%| E|CS|TAMS 0x0000000086000000, 0x0000000086000000| Complete 
|  55|0x0000000086100000, 0x0000000086200000, 0x0000000086200000|100%| E|CS|TAMS 0x0000000086100000, 0x0000000086100000| Complete 
|  56|0x0000000086200000, 0x0000000086300000, 0x0000000086300000|100%| E|CS|TAMS 0x0000000086200000, 0x0000000086200000| Complete 
|  57|0x0000000086300000, 0x0000000086400000, 0x0000000086400000|100%| E|CS|TAMS 0x0000000086300000, 0x0000000086300000| Complete 
|  58|0x0000000086400000, 0x0000000086500000, 0x0000000086500000|100%| E|CS|TAMS 0x0000000086400000, 0x0000000086400000| Complete 
|  59|0x0000000086500000, 0x0000000086600000, 0x0000000086600000|100%| E|CS|TAMS 0x0000000086500000, 0x0000000086500000| Complete 
|  60|0x0000000086600000, 0x0000000086700000, 0x0000000086700000|100%| E|  |TAMS 0x0000000086600000, 0x0000000086600000| Complete 
|  61|0x0000000086700000, 0x0000000086800000, 0x0000000086800000|100%| E|CS|TAMS 0x0000000086700000, 0x0000000086700000| Complete 
|  62|0x0000000086800000, 0x0000000086900000, 0x0000000086900000|100%| E|CS|TAMS 0x0000000086800000, 0x0000000086800000| Complete 
|  63|0x0000000086900000, 0x0000000086a00000, 0x0000000086a00000|100%| E|CS|TAMS 0x0000000086900000, 0x0000000086900000| Complete 
|  87|0x0000000088100000, 0x0000000088200000, 0x0000000088200000|100%| E|CS|TAMS 0x0000000088100000, 0x0000000088100000| Complete 
|  88|0x0000000088200000, 0x0000000088300000, 0x0000000088300000|100%| E|CS|TAMS 0x0000000088200000, 0x0000000088200000| Complete 
| 125|0x000000008a700000, 0x000000008a800000, 0x000000008a800000|100%| E|CS|TAMS 0x000000008a700000, 0x000000008a700000| Complete 

Card table byte_map: [0x0000016540400000,0x00000165407f0000] _byte_map_base: 0x000001653ffeb000

Marking Bits (Prev, Next): (CMBitMap*) 0x000001652d858c10, (CMBitMap*) 0x000001652d858c50
 Prev Bits: [0x0000016540be0000, 0x0000016542b38000)
 Next Bits: [0x0000016542b40000, 0x0000016544a98000)

Polling page: 0x000001652b780000

Metaspace:

Usage:
  Non-class:     43.89 MB used.
      Class:      6.02 MB used.
       Both:     49.91 MB used.

Virtual space:
  Non-class space:       64.00 MB reserved,      44.06 MB ( 69%) committed,  1 nodes.
      Class space:        1.00 GB reserved,       6.12 MB ( <1%) committed,  1 nodes.
             Both:        1.06 GB reserved,      50.19 MB (  5%) committed. 

Chunk freelists:
   Non-Class:  3.61 MB
       Class:  9.84 MB
        Both:  13.45 MB

MaxMetaspaceSize: unlimited
CompressedClassSpaceSize: 1.00 GB
Initial GC threshold: 21.00 MB
Current GC threshold: 59.19 MB
CDS: off
MetaspaceReclaimPolicy: balanced
 - commit_granule_bytes: 65536.
 - commit_granule_words: 8192.
 - virtual_space_node_default_size: 8388608.
 - enlarge_chunks_in_place: 1.
 - new_chunks_are_fully_committed: 0.
 - uncommit_free_chunks: 1.
 - use_allocation_guard: 0.
 - handle_deallocations: 1.


Internal statistics:

num_allocs_failed_limit: 6.
num_arena_births: 188.
num_arena_deaths: 0.
num_vsnodes_births: 2.
num_vsnodes_deaths: 0.
num_space_committed: 801.
num_space_uncommitted: 0.
num_chunks_returned_to_freelist: 6.
num_chunks_taken_from_freelist: 1649.
num_chunk_merges: 6.
num_chunk_splits: 1399.
num_chunks_enlarged: 1271.
num_inconsistent_stats: 0.

CodeHeap 'non-profiled nmethods': size=120000Kb used=1743Kb max_used=1743Kb free=118256Kb
 bounds [0x00000165387b0000, 0x0000016538a20000, 0x000001653fce0000]
CodeHeap 'profiled nmethods': size=120000Kb used=8272Kb max_used=8272Kb free=111727Kb
 bounds [0x0000016530ce0000, 0x0000016531500000, 0x0000016538210000]
CodeHeap 'non-nmethods': size=5760Kb used=1274Kb max_used=1405Kb free=4486Kb
 bounds [0x0000016538210000, 0x0000016538480000, 0x00000165387b0000]
 total_blobs=4570 nmethods=3981 adapters=501
 compilation: enabled
              stopped_count=0, restarted_count=0
 full_count=0

Compilation events (20 events):
Event: 4.910 Thread 0x00000165476a9c40 3992       3       org.jetbrains.kotlin.psi.KtImportInfo$ImportContent::<init> (5 bytes)
Event: 4.910 Thread 0x00000165476a9c40 nmethod 3992 0x00000165314ef710 code [0x00000165314ef8c0, 0x00000165314efa78]
Event: 4.910 Thread 0x00000165476a9c40 3993       3       org.jetbrains.kotlin.psi.KtImportInfo$ImportContent::<init> (5 bytes)
Event: 4.910 Thread 0x00000165476a9c40 nmethod 3993 0x00000165314efb90 code [0x00000165314efd20, 0x00000165314efe78]
Event: 4.918 Thread 0x00000165476a9c40 3994       3       kotlin.sequences.FilteringSequence$iterator$1::hasNext (26 bytes)
Event: 4.918 Thread 0x00000165476a9c40 nmethod 3994 0x00000165314eff10 code [0x00000165314f00c0, 0x00000165314f02a8]
Event: 4.919 Thread 0x00000165476a9c40 3995       3       org.jetbrains.kotlin.types.checker.SimpleClassicTypeSystemContext::asSimpleType (6 bytes)
Event: 4.919 Thread 0x00000165476a9c40 nmethod 3995 0x00000165314f0390 code [0x00000165314f0520, 0x00000165314f0648]
Event: 4.920 Thread 0x00000165476a9c40 3996       1       org.jetbrains.kotlin.config.MavenComparableVersion$ListItem::getType (2 bytes)
Event: 4.921 Thread 0x00000165476a9c40 nmethod 3996 0x000001653895d190 code [0x000001653895d320, 0x000001653895d3f8]
Event: 4.921 Thread 0x00000165476a9c40 3997       3       org.jetbrains.kotlin.config.MavenComparableVersion$IntegerItem::compareTo (105 bytes)
Event: 4.922 Thread 0x00000165476a9c40 nmethod 3997 0x00000165314f0710 code [0x00000165314f09c0, 0x00000165314f15f8]
Event: 4.932 Thread 0x00000165476a9c40 3998       1       org.jetbrains.kotlin.config.LanguageVersionSettingsImpl::getApiVersion (5 bytes)
Event: 4.933 Thread 0x00000165476a9c40 nmethod 3998 0x000001653895d490 code [0x000001653895d620, 0x000001653895d6f8]
Event: 4.933 Thread 0x00000165476a9c40 3999       1       org.jetbrains.kotlin.config.LanguageFeature::getSinceApiVersion (5 bytes)
Event: 4.933 Thread 0x00000165476a9c40 nmethod 3999 0x000001653895d790 code [0x000001653895d920, 0x000001653895d9f8]
Event: 4.933 Thread 0x00000165476a9c40 4000       1       org.jetbrains.kotlin.config.LanguageFeature::isEnabledWithWarning$util (5 bytes)
Event: 4.933 Thread 0x00000165476a9c40 nmethod 4000 0x000001653895da90 code [0x000001653895dc20, 0x000001653895dcf8]
Event: 4.933 Thread 0x00000165476a9c40 4001       3       java.lang.Enum::compareTo (44 bytes)
Event: 4.934 Thread 0x00000165476a9c40 nmethod 4001 0x00000165314f1990 code [0x00000165314f1b80, 0x00000165314f2068]

GC Heap History (20 events):
Event: 1.000 GC heap before
{Heap before GC invocations=0 (full 0):
 garbage-first heap   total 129024K, used 27648K [0x0000000082a00000, 0x0000000100000000)
  region size 1024K, 23 young (23552K), 0 survivors (0K)
 Metaspace       used 13381K, committed 13504K, reserved 1114112K
  class space    used 1290K, committed 1344K, reserved 1048576K
}
Event: 1.003 GC heap after
{Heap after GC invocations=1 (full 0):
 garbage-first heap   total 129024K, used 6835K [0x0000000082a00000, 0x0000000100000000)
  region size 1024K, 3 young (3072K), 3 survivors (3072K)
 Metaspace       used 13381K, committed 13504K, reserved 1114112K
  class space    used 1290K, committed 1344K, reserved 1048576K
}
Event: 1.738 GC heap before
{Heap before GC invocations=1 (full 0):
 garbage-first heap   total 129024K, used 38579K [0x0000000082a00000, 0x0000000100000000)
  region size 1024K, 35 young (35840K), 3 survivors (3072K)
 Metaspace       used 21366K, committed 21504K, reserved 1114112K
  class space    used 2325K, committed 2432K, reserved 1048576K
}
Event: 1.744 GC heap after
{Heap after GC invocations=2 (full 0):
 garbage-first heap   total 129024K, used 10326K [0x0000000082a00000, 0x0000000100000000)
  region size 1024K, 4 young (4096K), 4 survivors (4096K)
 Metaspace       used 21366K, committed 21504K, reserved 1114112K
  class space    used 2325K, committed 2432K, reserved 1048576K
}
Event: 2.105 GC heap before
{Heap before GC invocations=3 (full 0):
 garbage-first heap   total 40960K, used 30806K [0x0000000082a00000, 0x0000000100000000)
  region size 1024K, 24 young (24576K), 4 survivors (4096K)
 Metaspace       used 28084K, committed 28224K, reserved 1114112K
  class space    used 3461K, committed 3520K, reserved 1048576K
}
Event: 2.112 GC heap after
{Heap after GC invocations=4 (full 0):
 garbage-first heap   total 40960K, used 11395K [0x0000000082a00000, 0x0000000100000000)
  region size 1024K, 2 young (2048K), 2 survivors (2048K)
 Metaspace       used 28084K, committed 28224K, reserved 1114112K
  class space    used 3461K, committed 3520K, reserved 1048576K
}
Event: 2.132 GC heap before
{Heap before GC invocations=4 (full 0):
 garbage-first heap   total 40960K, used 12419K [0x0000000082a00000, 0x0000000100000000)
  region size 1024K, 3 young (3072K), 2 survivors (2048K)
 Metaspace       used 28425K, committed 28544K, reserved 1114112K
  class space    used 3520K, committed 3584K, reserved 1048576K
}
Event: 2.136 GC heap after
{Heap after GC invocations=5 (full 0):
 garbage-first heap   total 40960K, used 11564K [0x0000000082a00000, 0x0000000100000000)
  region size 1024K, 1 young (1024K), 1 survivors (1024K)
 Metaspace       used 28425K, committed 28544K, reserved 1114112K
  class space    used 3520K, committed 3584K, reserved 1048576K
}
Event: 2.420 GC heap before
{Heap before GC invocations=5 (full 0):
 garbage-first heap   total 40960K, used 33068K [0x0000000082a00000, 0x0000000100000000)
  region size 1024K, 20 young (20480K), 1 survivors (1024K)
 Metaspace       used 30662K, committed 30848K, reserved 1114112K
  class space    used 3955K, committed 4032K, reserved 1048576K
}
Event: 2.431 GC heap after
{Heap after GC invocations=6 (full 0):
 garbage-first heap   total 40960K, used 17759K [0x0000000082a00000, 0x0000000100000000)
  region size 1024K, 3 young (3072K), 3 survivors (3072K)
 Metaspace       used 30662K, committed 30848K, reserved 1114112K
  class space    used 3955K, committed 4032K, reserved 1048576K
}
Event: 2.651 GC heap before
{Heap before GC invocations=6 (full 0):
 garbage-first heap   total 40960K, used 30047K [0x0000000082a00000, 0x0000000100000000)
  region size 1024K, 16 young (16384K), 3 survivors (3072K)
 Metaspace       used 33954K, committed 34240K, reserved 1114112K
  class space    used 4322K, committed 4480K, reserved 1048576K
}
Event: 2.656 GC heap after
{Heap after GC invocations=7 (full 0):
 garbage-first heap   total 40960K, used 17148K [0x0000000082a00000, 0x0000000100000000)
  region size 1024K, 2 young (2048K), 2 survivors (2048K)
 Metaspace       used 33954K, committed 34240K, reserved 1114112K
  class space    used 4322K, committed 4480K, reserved 1048576K
}
Event: 2.798 GC heap before
{Heap before GC invocations=7 (full 0):
 garbage-first heap   total 40960K, used 26364K [0x0000000082a00000, 0x0000000100000000)
  region size 1024K, 12 young (12288K), 2 survivors (2048K)
 Metaspace       used 35889K, committed 36096K, reserved 1114112K
  class space    used 4534K, committed 4672K, reserved 1048576K
}
Event: 2.804 GC heap after
{Heap after GC invocations=8 (full 0):
 garbage-first heap   total 70656K, used 18437K [0x0000000082a00000, 0x0000000100000000)
  region size 1024K, 2 young (2048K), 2 survivors (2048K)
 Metaspace       used 35889K, committed 36096K, reserved 1114112K
  class space    used 4534K, committed 4672K, reserved 1048576K
}
Event: 3.572 GC heap before
{Heap before GC invocations=9 (full 0):
 garbage-first heap   total 68608K, used 51205K [0x0000000082a00000, 0x0000000100000000)
  region size 1024K, 34 young (34816K), 2 survivors (2048K)
 Metaspace       used 43331K, committed 43520K, reserved 1114112K
  class space    used 5273K, committed 5376K, reserved 1048576K
}
Event: 3.581 GC heap after
{Heap after GC invocations=10 (full 0):
 garbage-first heap   total 68608K, used 20933K [0x0000000082a00000, 0x0000000100000000)
  region size 1024K, 4 young (4096K), 4 survivors (4096K)
 Metaspace       used 43331K, committed 43520K, reserved 1114112K
  class space    used 5273K, committed 5376K, reserved 1048576K
}
Event: 4.203 GC heap before
{Heap before GC invocations=10 (full 0):
 garbage-first heap   total 68608K, used 53701K [0x0000000082a00000, 0x0000000100000000)
  region size 1024K, 33 young (33792K), 4 survivors (4096K)
 Metaspace       used 47257K, committed 47424K, reserved 1114112K
  class space    used 5726K, committed 5824K, reserved 1048576K
}
Event: 4.219 GC heap after
{Heap after GC invocations=11 (full 0):
 garbage-first heap   total 68608K, used 27949K [0x0000000082a00000, 0x0000000100000000)
  region size 1024K, 5 young (5120K), 5 survivors (5120K)
 Metaspace       used 47257K, committed 47424K, reserved 1114112K
  class space    used 5726K, committed 5824K, reserved 1048576K
}
Event: 4.471 GC heap before
{Heap before GC invocations=11 (full 0):
 garbage-first heap   total 68608K, used 50477K [0x0000000082a00000, 0x0000000100000000)
  region size 1024K, 27 young (27648K), 5 survivors (5120K)
 Metaspace       used 48039K, committed 48256K, reserved 1114112K
  class space    used 5812K, committed 5888K, reserved 1048576K
}
Event: 4.482 GC heap after
{Heap after GC invocations=12 (full 0):
 garbage-first heap   total 68608K, used 29502K [0x0000000082a00000, 0x0000000100000000)
  region size 1024K, 2 young (2048K), 2 survivors (2048K)
 Metaspace       used 48039K, committed 48256K, reserved 1114112K
  class space    used 5812K, committed 5888K, reserved 1048576K
}

Dll operation events (2 events):
Event: 0.009 Loaded shared library D:\School Programs\jbr\bin\java.dll
Event: 1.963 Loaded shared library D:\School Programs\jbr\bin\verify.dll

Deoptimization events (20 events):
Event: 4.613 Thread 0x000001652d7ff900 Uncommon trap: trap_request=0xffffffcc fr.pc=0x0000016538939064 relative=0x0000000000000344
Event: 4.613 Thread 0x000001652d7ff900 Uncommon trap: reason=intrinsic_or_type_checked_inlining action=make_not_entrant pc=0x0000016538939064 method=java.util.Arrays.copyOf([Ljava/lang/Object;ILjava/lang/Class;)[Ljava/lang/Object; @ 35 c2
Event: 4.613 Thread 0x000001652d7ff900 DEOPT PACKING pc=0x0000016538939064 sp=0x00000028525fc960
Event: 4.613 Thread 0x000001652d7ff900 DEOPT UNPACKING pc=0x00000165382669a3 sp=0x00000028525fc908 mode 2
Event: 4.638 Thread 0x000001652d7ff900 Uncommon trap: trap_request=0xffffff45 fr.pc=0x000001653893f250 relative=0x0000000000000230
Event: 4.638 Thread 0x000001652d7ff900 Uncommon trap: reason=unstable_if action=reinterpret pc=0x000001653893f250 method=org.jetbrains.kotlin.name.Name.hashCode()I @ 16 c2
Event: 4.638 Thread 0x000001652d7ff900 DEOPT PACKING pc=0x000001653893f250 sp=0x00000028525fd790
Event: 4.638 Thread 0x000001652d7ff900 DEOPT UNPACKING pc=0x00000165382669a3 sp=0x00000028525fd728 mode 2
Event: 4.726 Thread 0x000001652d7ff900 Uncommon trap: trap_request=0xffffff45 fr.pc=0x000001653890697c relative=0x00000000000008bc
Event: 4.726 Thread 0x000001652d7ff900 Uncommon trap: reason=unstable_if action=reinterpret pc=0x000001653890697c method=gnu.trove.TObjectHash.insertionIndex(Ljava/lang/Object;)I @ 182 c2
Event: 4.726 Thread 0x000001652d7ff900 DEOPT PACKING pc=0x000001653890697c sp=0x00000028525fb7e0
Event: 4.727 Thread 0x000001652d7ff900 DEOPT UNPACKING pc=0x00000165382669a3 sp=0x00000028525fb768 mode 2
Event: 4.784 Thread 0x000001652d7ff900 DEOPT PACKING pc=0x000001653144f321 sp=0x00000028525fb140
Event: 4.784 Thread 0x000001652d7ff900 DEOPT UNPACKING pc=0x0000016538267143 sp=0x00000028525fa648 mode 0
Event: 4.794 Thread 0x000001652d7ff900 DEOPT PACKING pc=0x000001653144f321 sp=0x00000028525fb140
Event: 4.794 Thread 0x000001652d7ff900 DEOPT UNPACKING pc=0x0000016538267143 sp=0x00000028525fa648 mode 0
Event: 4.910 Thread 0x000001652d7ff900 Uncommon trap: trap_request=0xffffff45 fr.pc=0x00000165389370f8 relative=0x0000000000000258
Event: 4.910 Thread 0x000001652d7ff900 Uncommon trap: reason=unstable_if action=reinterpret pc=0x00000165389370f8 method=java.util.HashMap.hash(Ljava/lang/Object;)I @ 1 c2
Event: 4.910 Thread 0x000001652d7ff900 DEOPT PACKING pc=0x00000165389370f8 sp=0x00000028525fc3b0
Event: 4.910 Thread 0x000001652d7ff900 DEOPT UNPACKING pc=0x00000165382669a3 sp=0x00000028525fc240 mode 2

Classes unloaded (0 events):
No events

Classes redefined (0 events):
No events

Internal exceptions (20 events):
Event: 1.812 Thread 0x000001652d7ff900 Exception <a 'java/lang/NoSuchMethodError'{0x0000000084995268}: 'void java.lang.invoke.DirectMethodHandle$Holder.invokeSpecial(java.lang.Object, java.lang.Object, java.lang.Object)'> (0x0000000084995268) 
thrown [s\src\hotspot\share\interpreter\linkResolver.cpp, line 771]
Event: 1.877 Thread 0x000001652d7ff900 Exception <a 'java/lang/NoSuchMethodError'{0x00000000846b89b8}: 'void java.lang.invoke.DirectMethodHandle$Holder.invokeStatic(java.lang.Object, java.lang.Object, java.lang.Object, java.lang.Object)'> (0x00000000846b89b8) 
thrown [s\src\hotspot\share\interpreter\linkResolver.cpp, line 771]
Event: 1.935 Thread 0x000001652d7ff900 Exception <a 'java/lang/NoSuchMethodError'{0x00000000842776b0}: 'void java.lang.invoke.DirectMethodHandle$Holder.invokeStaticInit(java.lang.Object, java.lang.Object)'> (0x00000000842776b0) 
thrown [s\src\hotspot\share\interpreter\linkResolver.cpp, line 771]
Event: 2.013 Thread 0x000001652d7ff900 Exception <a 'java/lang/NoSuchMethodError'{0x0000000083ef2fb8}: 'void java.lang.invoke.DirectMethodHandle$Holder.invokeVirtual(java.lang.Object, java.lang.Object)'> (0x0000000083ef2fb8) 
thrown [s\src\hotspot\share\interpreter\linkResolver.cpp, line 771]
Event: 2.022 Thread 0x000001652d7ff900 Exception <a 'java/lang/NoSuchMethodError'{0x0000000083d6cbd8}: 'int java.lang.invoke.DirectMethodHandle$Holder.invokeVirtual(java.lang.Object, java.lang.Object)'> (0x0000000083d6cbd8) 
thrown [s\src\hotspot\share\interpreter\linkResolver.cpp, line 771]
Event: 2.034 Thread 0x000001652d7ff900 Exception <a 'java/lang/NoSuchMethodError'{0x0000000083c04a58}: 'java.lang.Object java.lang.invoke.Invokers$Holder.invokeExact_MT(java.lang.Object, java.lang.Object, java.lang.Object, java.lang.Object, java.lang.Object, java.lang.Object)'> (0x0000000083c04a58) 
thrown [s\src\hotspot\share\interpreter\linkResolver.cpp, line 771]
Event: 2.468 Thread 0x000001652d7ff900 Implicit null exception at 0x00000165387c9572 to 0x00000165387c9b8c
Event: 2.582 Thread 0x000001652d7ff900 Implicit null exception at 0x00000165387cac72 to 0x00000165387cb2ac
Event: 2.622 Thread 0x000001652d7ff900 Exception <a 'java/lang/NoSuchMethodError'{0x0000000084623948}: 'java.lang.Object java.lang.invoke.DirectMethodHandle$Holder.invokeVirtual(java.lang.Object, java.lang.Object, java.lang.Object)'> (0x0000000084623948) 
thrown [s\src\hotspot\share\interpreter\linkResolver.cpp, line 771]
Event: 3.379 Thread 0x000001652d7ff900 Exception <a 'java/lang/NoSuchMethodError'{0x0000000084f122e0}: 'java.lang.Object java.lang.invoke.DirectMethodHandle$Holder.newInvokeSpecial(java.lang.Object, java.lang.Object, int)'> (0x0000000084f122e0) 
thrown [s\src\hotspot\share\interpreter\linkResolver.cpp, line 771]
Event: 3.601 Thread 0x000001652d7ff900 Exception <a 'java/lang/NoSuchMethodError'{0x000000008a7bd9d8}: 'java.lang.Object java.lang.invoke.DirectMethodHandle$Holder.newInvokeSpecial(java.lang.Object, java.lang.Object, java.lang.Object, int)'> (0x000000008a7bd9d8) 
thrown [s\src\hotspot\share\interpreter\linkResolver.cpp, line 771]
Event: 3.602 Thread 0x000001652d7ff900 Exception <a 'java/lang/NoSuchMethodError'{0x000000008a7c2060}: 'java.lang.Object java.lang.invoke.DirectMethodHandle$Holder.invokeSpecial(java.lang.Object, java.lang.Object, java.lang.Object, java.lang.Object, int)'> (0x000000008a7c2060) 
thrown [s\src\hotspot\share\interpreter\linkResolver.cpp, line 771]
Event: 3.602 Thread 0x000001652d7ff900 Exception <a 'java/lang/NoSuchMethodError'{0x000000008a7c5ed0}: 'java.lang.Object java.lang.invoke.Invokers$Holder.linkToTargetMethod(java.lang.Object, java.lang.Object, int, java.lang.Object)'> (0x000000008a7c5ed0) 
thrown [s\src\hotspot\share\interpreter\linkResolver.cpp, line 771]
Event: 4.580 Thread 0x000001652d7ff900 Exception <a 'java/lang/NoSuchMethodError'{0x00000000869b1a20}: 'java.lang.Object java.lang.invoke.DirectMethodHandle$Holder.newInvokeSpecial(java.lang.Object, int, java.lang.Object)'> (0x00000000869b1a20) 
thrown [s\src\hotspot\share\interpreter\linkResolver.cpp, line 771]
Event: 4.581 Thread 0x000001652d7ff900 Exception <a 'java/lang/NoSuchMethodError'{0x00000000869b8080}: 'int java.lang.invoke.DirectMethodHandle$Holder.invokeInterface(java.lang.Object, java.lang.Object)'> (0x00000000869b8080) 
thrown [s\src\hotspot\share\interpreter\linkResolver.cpp, line 771]
Event: 4.616 Thread 0x000001652d7ff900 Exception <a 'java/lang/NoSuchMethodError'{0x000000008688d680}: 'java.lang.Object java.lang.invoke.DirectMethodHandle$Holder.newInvokeSpecial(java.lang.Object, java.lang.Object, java.lang.Object, java.lang.Object, java.lang.Object, java.lang.Object, java.lang.Object, java.lang.Object)'> (0x000000008688d680) 
thrown [s\src\hotspot\share\interpreter\linkResolver.cpp, line 771]
Event: 4.617 Thread 0x000001652d7ff900 Exception <a 'java/lang/NoSuchMethodError'{0x0000000086892c98}: 'java.lang.Object java.lang.invoke.DirectMethodHandle$Holder.invokeSpecial(java.lang.Object, java.lang.Object, java.lang.Object, java.lang.Object, java.lang.Object, java.lang.Object, java.lang.Object, java.lang.Object, java.lang.Object)'> (0x0000000086892c98) 
thrown [s\src\hotspot\share\interpreter\linkResolver.cpp, line 771]
Event: 4.617 Thread 0x000001652d7ff900 Exception <a 'java/lang/NoSuchMethodError'{0x0000000086897bc8}: 'java.lang.Object java.lang.invoke.Invokers$Holder.linkToTargetMethod(java.lang.Object, java.lang.Object, java.lang.Object, java.lang.Object, java.lang.Object, java.lang.Object, java.lang.Object, java.lang.Object)'> (0x0000000086897bc8) 
thrown [s\src\hotspot\share\interpreter\linkResolver.cpp, line 771]
Event: 4.657 Thread 0x000001652d7ff900 Exception <a 'java/lang/NoSuchMethodError'{0x0000000086687028}: 'java.lang.Object java.lang.invoke.DirectMethodHandle$Holder.newInvokeSpecial(java.lang.Object, java.lang.Object, java.lang.Object, java.lang.Object, java.lang.Object, java.lang.Object)'> (0x0000000086687028) 
thrown [s\src\hotspot\share\interpreter\linkResolver.cpp, line 771]
Event: 4.910 Thread 0x000001652d7ff900 Implicit null exception at 0x0000016538936eef to 0x00000165389370dc

VM Operations (20 events):
Event: 3.762 Executing VM operation: HandshakeAllThreads
Event: 3.762 Executing VM operation: HandshakeAllThreads done
Event: 3.952 Executing VM operation: HandshakeAllThreads
Event: 3.952 Executing VM operation: HandshakeAllThreads done
Event: 3.954 Executing VM operation: HandshakeAllThreads
Event: 3.954 Executing VM operation: HandshakeAllThreads done
Event: 4.101 Executing VM operation: ICBufferFull
Event: 4.102 Executing VM operation: ICBufferFull done
Event: 4.144 Executing VM operation: HandshakeAllThreads
Event: 4.144 Executing VM operation: HandshakeAllThreads done
Event: 4.203 Executing VM operation: G1CollectForAllocation
Event: 4.219 Executing VM operation: G1CollectForAllocation done
Event: 4.471 Executing VM operation: G1CollectForAllocation
Event: 4.483 Executing VM operation: G1CollectForAllocation done
Event: 4.689 Executing VM operation: HandshakeAllThreads
Event: 4.689 Executing VM operation: HandshakeAllThreads done
Event: 4.702 Executing VM operation: HandshakeAllThreads
Event: 4.702 Executing VM operation: HandshakeAllThreads done
Event: 4.743 Executing VM operation: HandshakeAllThreads
Event: 4.743 Executing VM operation: HandshakeAllThreads done

Events (20 events):
Event: 4.394 loading class java/util/stream/ReduceOps$3
Event: 4.394 loading class java/util/stream/ReduceOps$ReduceOp
Event: 4.394 loading class java/util/stream/ReduceOps$ReduceOp done
Event: 4.394 loading class java/util/stream/ReduceOps$3 done
Event: 4.394 loading class java/util/stream/ReduceOps$3ReducingSink
Event: 4.394 loading class java/util/stream/ReduceOps$AccumulatingSink
Event: 4.394 loading class java/util/stream/ReduceOps$AccumulatingSink done
Event: 4.394 loading class java/util/stream/ReduceOps$Box
Event: 4.394 loading class java/util/stream/ReduceOps$Box done
Event: 4.394 loading class java/util/stream/ReduceOps$3ReducingSink done
Event: 4.394 loading class java/util/stream/ReferencePipeline$2$1
Event: 4.394 loading class java/util/stream/ReferencePipeline$2$1 done
Event: 4.394 loading class java/util/stream/IntPipeline$1$1
Event: 4.394 loading class java/util/stream/Sink$ChainedInt
Event: 4.394 loading class java/util/stream/Sink$OfInt
Event: 4.395 loading class java/util/function/IntConsumer
Event: 4.395 loading class java/util/function/IntConsumer done
Event: 4.395 loading class java/util/stream/Sink$OfInt done
Event: 4.395 loading class java/util/stream/Sink$ChainedInt done
Event: 4.395 loading class java/util/stream/IntPipeline$1$1 done


Dynamic libraries:
0x00007ff7a8000000 - 0x00007ff7a800a000 	D:\School Programs\jbr\bin\java.exe
0x00007ffe71570000 - 0x00007ffe71768000 	C:\WINDOWS\SYSTEM32\ntdll.dll
0x00007ffe700d0000 - 0x00007ffe7018d000 	C:\WINDOWS\System32\KERNEL32.DLL
0x00007ffe6ed10000 - 0x00007ffe6f006000 	C:\WINDOWS\System32\KERNELBASE.dll
0x00007ffe6f010000 - 0x00007ffe6f110000 	C:\WINDOWS\System32\ucrtbase.dll
0x00007ffe66eb0000 - 0x00007ffe66ecb000 	D:\School Programs\jbr\bin\VCRUNTIME140.dll
0x00007ffe3ff20000 - 0x00007ffe3ff37000 	D:\School Programs\jbr\bin\jli.dll
0x00007ffe70e60000 - 0x00007ffe70fff000 	C:\WINDOWS\System32\USER32.dll
0x00007ffe6f580000 - 0x00007ffe6f5a2000 	C:\WINDOWS\System32\win32u.dll
0x00007ffe524a0000 - 0x00007ffe5273a000 	C:\WINDOWS\WinSxS\amd64_microsoft.windows.common-controls_6595b64144ccf1df_6.0.19041.4355_none_60b8b9eb71f62e16\COMCTL32.dll
0x00007ffe711e0000 - 0x00007ffe7120b000 	C:\WINDOWS\System32\GDI32.dll
0x00007ffe6f5b0000 - 0x00007ffe6f64e000 	C:\WINDOWS\System32\msvcrt.dll
0x00007ffe6f220000 - 0x00007ffe6f337000 	C:\WINDOWS\System32\gdi32full.dll
0x00007ffe6f110000 - 0x00007ffe6f1ad000 	C:\WINDOWS\System32\msvcp_win.dll
0x00007ffe70d90000 - 0x00007ffe70dbf000 	C:\WINDOWS\System32\IMM32.DLL
0x00007ffe66da0000 - 0x00007ffe66dac000 	D:\School Programs\jbr\bin\vcruntime140_1.dll
0x00007ffe62670000 - 0x00007ffe626fd000 	D:\School Programs\jbr\bin\msvcp140.dll
0x00007ffe195e0000 - 0x00007ffe1a263000 	D:\School Programs\jbr\bin\server\jvm.dll
0x00007ffe6f650000 - 0x00007ffe6f700000 	C:\WINDOWS\System32\ADVAPI32.dll
0x00007ffe70dc0000 - 0x00007ffe70e60000 	C:\WINDOWS\System32\sechost.dll
0x00007ffe6ffa0000 - 0x00007ffe700c3000 	C:\WINDOWS\System32\RPCRT4.dll
0x00007ffe6ece0000 - 0x00007ffe6ed07000 	C:\WINDOWS\System32\bcrypt.dll
0x00007ffe6e130000 - 0x00007ffe6e17b000 	C:\WINDOWS\SYSTEM32\POWRPROF.dll
0x00007ffe44c50000 - 0x00007ffe44c59000 	C:\WINDOWS\SYSTEM32\WSOCK32.dll
0x00007ffe71000000 - 0x00007ffe7106b000 	C:\WINDOWS\System32\WS2_32.dll
0x00007ffe61fe0000 - 0x00007ffe62007000 	C:\WINDOWS\SYSTEM32\WINMM.dll
0x00007ffe6b010000 - 0x00007ffe6b01a000 	C:\WINDOWS\SYSTEM32\VERSION.dll
0x00007ffe6dff0000 - 0x00007ffe6e002000 	C:\WINDOWS\SYSTEM32\UMPDC.dll
0x00007ffe6d400000 - 0x00007ffe6d412000 	C:\WINDOWS\SYSTEM32\kernel.appcore.dll
0x00007ffe66880000 - 0x00007ffe6688a000 	D:\School Programs\jbr\bin\jimage.dll
0x00007ffe6c7e0000 - 0x00007ffe6c9c4000 	C:\WINDOWS\SYSTEM32\DBGHELP.DLL
0x00007ffe47560000 - 0x00007ffe47594000 	C:\WINDOWS\SYSTEM32\dbgcore.DLL
0x00007ffe6f4f0000 - 0x00007ffe6f572000 	C:\WINDOWS\System32\bcryptPrimitives.dll
0x00007ffe41b10000 - 0x00007ffe41b35000 	D:\School Programs\jbr\bin\java.dll
0x00007ffe45530000 - 0x00007ffe45548000 	D:\School Programs\jbr\bin\zip.dll
0x00007ffe6f710000 - 0x00007ffe6fe7c000 	C:\WINDOWS\System32\SHELL32.dll
0x00007ffe6cc50000 - 0x00007ffe6d3ed000 	C:\WINDOWS\SYSTEM32\windows.storage.dll
0x00007ffe70280000 - 0x00007ffe705d3000 	C:\WINDOWS\System32\combase.dll
0x00007ffe6e650000 - 0x00007ffe6e67e000 	C:\WINDOWS\SYSTEM32\Wldp.dll
0x00007ffe71460000 - 0x00007ffe7152d000 	C:\WINDOWS\System32\OLEAUT32.dll
0x00007ffe71210000 - 0x00007ffe712bd000 	C:\WINDOWS\System32\SHCORE.dll
0x00007ffe71100000 - 0x00007ffe71155000 	C:\WINDOWS\System32\shlwapi.dll
0x00007ffe6eb60000 - 0x00007ffe6eb84000 	C:\WINDOWS\SYSTEM32\profapi.dll
0x00007ffe41af0000 - 0x00007ffe41b09000 	D:\School Programs\jbr\bin\net.dll
0x00007ffe671a0000 - 0x00007ffe672aa000 	C:\WINDOWS\SYSTEM32\WINHTTP.dll
0x00007ffe6e390000 - 0x00007ffe6e3fa000 	C:\WINDOWS\system32\mswsock.dll
0x00007ffe40250000 - 0x00007ffe40266000 	D:\School Programs\jbr\bin\nio.dll
0x00007ffe53b90000 - 0x00007ffe53ba0000 	D:\School Programs\jbr\bin\verify.dll

dbghelp: loaded successfully - version: 4.0.5 - missing functions: none
symbol engine: initialized successfully - sym options: 0x614 - pdb path: .;D:\School Programs\jbr\bin;C:\WINDOWS\SYSTEM32;C:\WINDOWS\WinSxS\amd64_microsoft.windows.common-controls_6595b64144ccf1df_6.0.19041.4355_none_60b8b9eb71f62e16;D:\School Programs\jbr\bin\server

VM Arguments:
java_command: org.jetbrains.kotlin.cli.jvm.K2JVMCompiler @D:\AndroidStudioProjects\VitaGuard\app\build\20240630_13206893191658025950.compiler.options
java_class_path (initial): C:\Users\Adam\.gradle\caches\modules-2\files-2.1\org.jetbrains.kotlin\kotlin-compiler-embeddable\1.9.0\2c8c3a7402becca891f12739b3e9fd2dc2adbd7a\kotlin-compiler-embeddable-1.9.0.jar;C:\Users\Adam\.gradle\caches\modules-2\files-2.1\org.jetbrains.kotlin\kotlin-stdlib\1.9.0\8ee15ef0c67dc83d874f412d84378d7f0eb50b63\kotlin-stdlib-1.9.0.jar;C:\Users\Adam\.gradle\caches\modules-2\files-2.1\org.jetbrains.kotlin\kotlin-script-runtime\1.9.0\4b3102cbbb7e1b58d9d1adf89563f00069ffa7d1\kotlin-script-runtime-1.9.0.jar;C:\Users\Adam\.gradle\caches\modules-2\files-2.1\org.jetbrains.kotlin\kotlin-reflect\1.6.10\1cbe9c92c12a94eea200d23c2bbaedaf3daf5132\kotlin-reflect-1.6.10.jar;C:\Users\Adam\.gradle\caches\modules-2\files-2.1\org.jetbrains.kotlin\kotlin-daemon-embeddable\1.9.0\186543f5e28cf8d9a0290fecc2cf34301c40a65c\kotlin-daemon-embeddable-1.9.0.jar;C:\Users\Adam\.gradle\caches\modules-2\files-2.1\org.jetbrains.intellij.deps\trove4j\1.0.20200330\3afb14d5f9ceb459d724e907a21145e8ff394f02\trove4j-1.0.20200330.jar;C:\Users\Adam\.gradle\caches\modules-2\files-2.1\org.jetbrains.kotlin\kotlin-stdlib-common\1.9.0\cd65c21cfd1eec4d44ef09f9f52b6d9f8a720636\kotlin-stdlib-common-1.9.0.jar;C:\Users\Adam\.gradle\caches\modules-2\files-2.1\org.jetbrains\annotations\13.0\919f0dfe192fb4e063e7dacadee7f8bb9a2672a9\annotations-13.0.jar
Launcher Type: SUN_STANDARD

[Global flags]
     intx CICompilerCount                          = 4                                         {product} {ergonomic}
     uint ConcGCThreads                            = 2                                         {product} {ergonomic}
     uint G1ConcRefinementThreads                  = 8                                         {product} {ergonomic}
   size_t G1HeapRegionSize                         = 1048576                                   {product} {ergonomic}
    uintx GCDrainStackTargetSize                   = 64                                        {product} {ergonomic}
   size_t InitialHeapSize                          = 132120576                                 {product} {ergonomic}
   size_t MarkStackSize                            = 4194304                                   {product} {ergonomic}
   size_t MaxHeapSize                              = 2103443456                                {product} {ergonomic}
   size_t MaxNewSize                               = 1261436928                                {product} {ergonomic}
   size_t MinHeapDeltaBytes                        = 1048576                                   {product} {ergonomic}
   size_t MinHeapSize                              = 8388608                                   {product} {ergonomic}
    uintx NonNMethodCodeHeapSize                   = 5839372                                {pd product} {ergonomic}
    uintx NonProfiledCodeHeapSize                  = 122909434                              {pd product} {ergonomic}
    uintx ProfiledCodeHeapSize                     = 122909434                              {pd product} {ergonomic}
    uintx ReservedCodeCacheSize                    = 251658240                              {pd product} {ergonomic}
     bool SegmentedCodeCache                       = true                                      {product} {ergonomic}
   size_t SoftMaxHeapSize                          = 2103443456                             {manageable} {ergonomic}
     bool UseCompressedClassPointers               = true                           {product lp64_product} {ergonomic}
     bool UseCompressedOops                        = true                           {product lp64_product} {ergonomic}
     bool UseG1GC                                  = true                                      {product} {ergonomic}
     bool UseLargePagesIndividualAllocation        = false                                  {pd product} {ergonomic}

Logging:
Log output configuration:
 #0: stdout all=warning uptime,level,tags
 #1: stderr all=off uptime,level,tags

Environment Variables:
PATH=C:\Python312\Scripts\;C:\Python312\;C:\Windows\system32;C:\Windows;C:\Windows\System32\Wbem;C:\Windows\System32\WindowsPowerShell\v1.0\;C:\Windows\System32\OpenSSH\;C:\Program Files (x86)\NVIDIA Corporation\PhysX\Common;C:\WINDOWS\system32;C:\WINDOWS;C:\WINDOWS\System32\Wbem;C:\WINDOWS\System32\WindowsPowerShell\v1.0\;C:\WINDOWS\System32\OpenSSH\;C:\Program Files\dotnet\;C:\Program Files\Git\cmd;C:\Program Files\GitHub CLI\;C:\Program Files\nodejs\;C:\ProgramData\chocolatey\bin;C:\Users\Adam\AppData\Local\Microsoft\WindowsApps;C:\Gradle\gradle-6.8.1\bin;C:\Users\Adam\AppData\Roaming\npm;C:\Users\Adam\AppData\Local\Programs\Microsoft VS Code\bin
USERNAME=Adam
OS=Windows_NT
PROCESSOR_IDENTIFIER=Intel64 Family 6 Model 165 Stepping 2, GenuineIntel
TMP=C:\Users\Adam\AppData\Local\Temp
TEMP=C:\Users\Adam\AppData\Local\Temp



Periodic native trim disabled

JNI global refs:
JNI global refs: 9, weak refs: 4

JNI global refs memory usage: 843, weak refs: 841

OOME stack traces (most recent first):
Classloader memory used:
Loader jdk.internal.loader.ClassLoaders$AppClassLoader                                 : 5107K
Loader bootstrap                                                                       : 1287K
Loader jdk.internal.reflect.DelegatingClassLoader                                      : 7336B


---------------  S Y S T E M  ---------------

OS:
 Windows 10 , 64 bit Build 19041 (10.0.19041.3636)
OS uptime: 1 days 3:45 hours
Hyper-V role detected

CPU: total 8 (initial active 8) (4 cores per cpu, 2 threads per core) family 6 model 165 stepping 2 microcode 0xc8, cx8, cmov, fxsr, ht, mmx, 3dnowpref, sse, sse2, sse3, ssse3, sse4.1, sse4.2, popcnt, lzcnt, tsc, tscinvbit, avx, avx2, aes, erms, clmul, bmi1, bmi2, adx, fma, vzeroupper, clflush, clflushopt, hv
Processor Information for all 8 processors :
  Max Mhz: 2496, Current Mhz: 2496, Mhz Limit: 2496

Memory: 4k page, system-wide physical 8023M (578M free)
TotalPageFile size 18833M (AvailPageFile size 11M)
current process WorkingSet (physical memory assigned to process): 232M, peak: 232M
current process commit charge ("private bytes"): 270M, peak: 271M

vm_info: OpenJDK 64-Bit Server VM (17.0.10+0--11572160) for windows-amd64 JRE (17.0.10+0--11572160), built on Mar 13 2024 23:56:38 by "androidbuild" with MS VC++ 16.10 / 16.11 (VS2019)

END.
